<?xml version="1.0" encoding="UTF-8" ?>
<testsuite tests="10" failures="0" name="step_definitions.RunCukesTest" time="0.015" errors="0" skipped="0">
  <properties>
    <property name="java.vendor" value="Oracle Corporation"/>
    <property name="JOB_NAME" value="testomg"/>
    <property name="sun.java.launcher" value="SUN_STANDARD"/>
    <property name="NUMBER_OF_PROCESSORS" value="4"/>
    <property name="sun.management.compiler" value="HotSpot 64-Bit Tiered Compilers"/>
    <property name="JENKINS_HOME" value="C:\Users\5521\.jenkins"/>
    <property name="HUDSON_SERVER_COOKIE" value="1858a12b820b9fa9"/>
    <property name="POM_ARTIFACTID" value="SampleMavenProject"/>
    <property name="os.name" value="Windows 8.1"/>
    <property name="sun.boot.class.path" value="C:\Program Files\Java\jdk1.8.0_31\jre\lib\resources.jar;C:\Program Files\Java\jdk1.8.0_31\jre\lib\rt.jar;C:\Program Files\Java\jdk1.8.0_31\jre\lib\sunrsasign.jar;C:\Program Files\Java\jdk1.8.0_31\jre\lib\jsse.jar;C:\Program Files\Java\jdk1.8.0_31\jre\lib\jce.jar;C:\Program Files\Java\jdk1.8.0_31\jre\lib\charsets.jar;C:\Program Files\Java\jdk1.8.0_31\jre\lib\jfr.jar;C:\Program Files\Java\jdk1.8.0_31\jre\classes"/>
    <property name="EXECUTOR_NUMBER" value="1"/>
    <property name="sun.desktop" value="windows"/>
    <property name="PATHEXT" value=".COM;.EXE;.BAT;.CMD;.VBS;.VBE;.JS;.JSE;.WSF;.WSH;.MSC"/>
    <property name="java.vm.specification.vendor" value="Oracle Corporation"/>
    <property name="POM_DISPLAYNAME" value="SampleMavenProject"/>
    <property name="NODE_LABELS" value="master"/>
    <property name="TEMP" value="C:\Users\5521\AppData\Local\Temp"/>
    <property name="java.runtime.version" value="1.8.0_31-b13"/>
    <property name="ANT_HOME" value="D:\Pfolder\All Software\JarFile\apache-ant-1.9.5"/>
    <property name="user.name" value="5521"/>
    <property name="guice.disable.misplaced.annotation.check" value="true"/>
    <property name="CommonProgramW6432" value="C:\Program Files\Common Files"/>
    <property name="ProgramFiles" value="C:\Program Files"/>
    <property name="PROMPT" value="$P$G"/>
    <property name="user.language" value="en"/>
    <property name="BUILD_DISPLAY_NAME" value="#5"/>
    <property name="sun.boot.library.path" value="C:\Program Files\Java\jdk1.8.0_31\jre\bin"/>
    <property name="LOCALAPPDATA" value="C:\Users\5521\AppData\Local"/>
    <property name="java.version" value="1.8.0_31"/>
    <property name="PROCESSOR_LEVEL" value="6"/>
    <property name="user.timezone" value="Asia/Calcutta"/>
    <property name="USERNAME" value="5521"/>
    <property name="sun.arch.data.model" value="64"/>
    <property name="NODE_NAME" value="master"/>
    <property name="java.endorsed.dirs" value="C:\Program Files\Java\jdk1.8.0_31\jre\lib\endorsed"/>
    <property name="BUILD_ID" value="5"/>
    <property name="sun.cpu.isalist" value="amd64"/>
    <property name="sun.jnu.encoding" value="Cp1252"/>
    <property name="file.encoding.pkg" value="sun.io"/>
    <property name="file.separator" value="\"/>
    <property name="java.specification.name" value="Java Platform API Specification"/>
    <property name="HOMEDRIVE" value="C:"/>
    <property name="java.class.version" value="52.0"/>
    <property name="=::" value="::\"/>
    <property name="QTJAVA" value="C:\Program Files (x86)\QuickTime\QTSystem\QTJava.zip"/>
    <property name="org.slf4j.simpleLogger.defaultLogLevel" value="info"/>
    <property name="user.country" value="US"/>
    <property name="ALLUSERSPROFILE" value="C:\ProgramData"/>
    <property name="java.home" value="C:\Program Files\Java\jdk1.8.0_31\jre"/>
    <property name="java.vm.info" value="mixed mode"/>
    <property name="os.version" value="6.3"/>
    <property name="POM_VERSION" value="0.0.1-SNAPSHOT"/>
    <property name="TMP" value="C:\Users\5521\AppData\Local\Temp"/>
    <property name="path.separator" value=";"/>
    <property name="java.vm.version" value="25.31-b07"/>
    <property name="user.variant" value=""/>
    <property name="GIT_PREVIOUS_COMMIT" value="03067777348799b733894e346aeb3c603d527e4b"/>
    <property name="CommonProgramFiles(x86)" value="C:\Program Files (x86)\Common Files"/>
    <property name="USERDOMAIN_ROAMINGPROFILE" value="USER"/>
    <property name="java.awt.printerjob" value="sun.awt.windows.WPrinterJob"/>
    <property name="FP_NO_HOST_CHECK" value="NO"/>
    <property name="JAVA_HOME" value="C:\Program Files\Java\jdk1.8.0_31"/>
    <property name="sun.io.unicode.encoding" value="UnicodeLittle"/>
    <property name="CommonProgramFiles" value="C:\Program Files\Common Files"/>
    <property name="ComSpec" value="C:\WINDOWS\system32\cmd.exe"/>
    <property name="HOMEPATH" value="\Users\5521"/>
    <property name="awt.toolkit" value="sun.awt.windows.WToolkit"/>
    <property name="POM_PACKAGING" value="jar"/>
    <property name="COMPUTERNAME" value="USER"/>
    <property name="user.script" value=""/>
    <property name="POM_GROUPID" value="com.sample.test"/>
    <property name="user.home" value="C:\Users\5521"/>
    <property name="PUBLIC" value="C:\Users\Public"/>
    <property name="BUILD_TAG" value="jenkins-testomg-5"/>
    <property name="JENKINS_SERVER_COOKIE" value="1858a12b820b9fa9"/>
    <property name="HUDSON_URL" value="http://localhost:8080/"/>
    <property name="ProgramData" value="C:\ProgramData"/>
    <property name="java.specification.vendor" value="Oracle Corporation"/>
    <property name="USERPROFILE" value="C:\Users\5521"/>
    <property name="CLASSPATH" value=""/>
    <property name="java.vendor.url" value="http://java.oracle.com/"/>
    <property name="java.library.path" value="C:\Program Files\Java\jdk1.8.0_31\bin;C:\WINDOWS\Sun\Java\bin;C:\WINDOWS\system32;C:\WINDOWS;D:\Pfolder\All Software\JarFile\apache-maven-3.2.5/bin;C:\Program Files\Java\jdk1.8.0_31/bin;C:\Program Files\Java\jdk1.8.0_31/bin;C:\ProgramData\Oracle\Java\javapath;C:\Program Files\Java\jdk1.8.0_31\bin;?C:\Program Files (x86)\nodejs\;C:\Windows\System32;C:\Curl;D:\Pfolder\All Software\JarFile\apache-ant-1.9.5\bin;D:\Pfolder\All Software\JarFile\apache-maven-3.2.5\bin;D:\xampp\php;C:\adt-bundle-windows-x86_64-20130729\sdk\tools;C:\adt-bundle-windows-x86_64-20130729\sdk\build-tools;C:\Program Files (x86)\Skype\Phone\;C:\Users\5521\AppData\Roaming\npm;C:\adt-bundle-windows-x86_64-20130729\sdk\platform-tools;C:\adt-bundle-windows-x86_64-20130729\sdk\tools;C:\adt-bundle-windows-x86_64-20130729\sdk\build-tools;."/>
    <property name="java.vm.vendor" value="Oracle Corporation"/>
    <property name="APPDATA" value="C:\Users\5521\AppData\Roaming"/>
    <property name="java.runtime.name" value="Java(TM) SE Runtime Environment"/>
    <property name="maven.home" value="D:\Pfolder\All Software\JarFile\apache-maven-3.2.5"/>
    <property name="java.class.path" value="C:\Users\5521\.jenkins\plugins\maven-plugin\WEB-INF\lib\maven31-agent-1.5.jar;D:\Pfolder\All Software\JarFile\apache-maven-3.2.5\boot\plexus-classworlds-2.5.2.jar;D:\Pfolder\All Software\JarFile\apache-maven-3.2.5/conf/logging"/>
    <property name="sun.java.command" value="jenkins.maven3.agent.Maven31Main D:\Pfolder\All Software\JarFile\apache-maven-3.2.5 C:\Users\5521\.jenkins\war\WEB-INF\lib\remoting-2.52.jar C:\Users\5521\.jenkins\plugins\maven-plugin\WEB-INF\lib\maven31-interceptor-1.5.jar C:\Users\5521\.jenkins\plugins\maven-plugin\WEB-INF\lib\maven3-interceptor-commons-1.5.jar 59253"/>
    <property name="OPENSSL_CONF" value="C:\OpenSSL-Win64\bin\openssl.cfg"/>
    <property name="Path" value="C:\Program Files\Java\jdk1.8.0_31/bin;C:\ProgramData\Oracle\Java\javapath;C:\Program Files\Java\jdk1.8.0_31\bin;â€ªC:\Program Files (x86)\nodejs\;C:\Windows\System32;C:\Curl;D:\Pfolder\All Software\JarFile\apache-ant-1.9.5\bin;D:\Pfolder\All Software\JarFile\apache-maven-3.2.5\bin;D:\xampp\php;C:\adt-bundle-windows-x86_64-20130729\sdk\tools;C:\adt-bundle-windows-x86_64-20130729\sdk\build-tools;C:\Program Files (x86)\Skype\Phone\;C:\Users\5521\AppData\Roaming\npm;C:\adt-bundle-windows-x86_64-20130729\sdk\platform-tools;C:\adt-bundle-windows-x86_64-20130729\sdk\tools;C:\adt-bundle-windows-x86_64-20130729\sdk\build-tools"/>
    <property name="java.vm.specification.name" value="Java Virtual Machine Specification"/>
    <property name="PROCESSOR_ARCHITECTURE" value="AMD64"/>
    <property name="PATH+JDK" value="C:\Program Files\Java\jdk1.8.0_31/bin"/>
    <property name="PROCESSOR_IDENTIFIER" value="Intel64 Family 6 Model 58 Stepping 9, GenuineIntel"/>
    <property name="SESSIONNAME" value="Console"/>
    <property name="java.vm.specification.version" value="1.8"/>
    <property name="sun.os.patch.level" value=""/>
    <property name="sun.cpu.endian" value="little"/>
    <property name="M2_HOME" value="D:\Pfolder\All Software\JarFile\apache-maven-3.2.5"/>
    <property name="=D:" value="D:\"/>
    <property name="java.io.tmpdir" value="C:\Users\5521\AppData\Local\Temp\"/>
    <property name="OS" value="Windows_NT"/>
    <property name="HUDSON_HOME" value="C:\Users\5521\.jenkins"/>
    <property name="PATH+MAVEN" value="D:\Pfolder\All Software\JarFile\apache-maven-3.2.5/bin"/>
    <property name="ProgramFiles(x86)" value="C:\Program Files (x86)"/>
    <property name="BUILD_URL" value="http://localhost:8080/job/testomg/5/"/>
    <property name="java.vendor.url.bug" value="http://bugreport.sun.com/bugreport/"/>
    <property name="java.awt.graphicsenv" value="sun.awt.Win32GraphicsEnvironment"/>
    <property name="os.arch" value="amd64"/>
    <property name="SystemRoot" value="C:\WINDOWS"/>
    <property name="java.ext.dirs" value="C:\Program Files\Java\jdk1.8.0_31\jre\lib\ext;C:\WINDOWS\Sun\Java\lib\ext"/>
    <property name="user.dir" value="C:\Users\5521\SampleMavenProject\git\SampleMavenProject"/>
    <property name="JOB_URL" value="http://localhost:8080/job/testomg/"/>
    <property name="LOGONSERVER" value="\\MicrosoftAccount"/>
    <property name="USERDOMAIN" value="USER"/>
    <property name="line.separator" value="
"/>
    <property name="MAVEN_HOME" value="D:\Pfolder\All Software\JarFile\apache-maven-3.2.5"/>
    <property name="java.vm.name" value="Java HotSpot(TM) 64-Bit Server VM"/>
    <property name="BUILD_NUMBER" value="5"/>
    <property name="ANDROID_HOME" value="C:\adt-bundle-windows-x86_64-20130729\sdk"/>
    <property name="JENKINS_URL" value="http://localhost:8080/"/>
    <property name="PROCESSOR_REVISION" value="3a09"/>
    <property name="GIT_BRANCH" value="origin/master"/>
    <property name="ProgramW6432" value="C:\Program Files"/>
    <property name="windir" value="C:\WINDOWS"/>
    <property name="GIT_COMMIT" value="03067777348799b733894e346aeb3c603d527e4b"/>
    <property name="=C:" value="C:\Users\5521"/>
    <property name="file.encoding" value="Cp1252"/>
    <property name="SystemDrive" value="C:"/>
    <property name="maven3.interceptor" value="C:\Users\5521\.jenkins\plugins\maven-plugin\WEB-INF\lib\maven31-interceptor-1.5.jar"/>
    <property name="WORKSPACE" value="C:\Users\5521\.jenkins\jobs\testomg\workspace"/>
    <property name="maven3.interceptor.common" value="C:\Users\5521\.jenkins\plugins\maven-plugin\WEB-INF\lib\maven3-interceptor-commons-1.5.jar"/>
    <property name="java.specification.version" value="1.8"/>
    <property name="PSModulePath" value="C:\WINDOWS\system32\WindowsPowerShell\v1.0\Modules\;C:\Program Files (x86)\Microsoft SDKs\Windows Azure\PowerShell\Azure"/>
    <property name="GIT_URL" value="C:\Users\5521\SampleMavenProject\git"/>
  </properties>
  <testcase classname="Scenario: Sign in and sign out" name="When I open automationpractice website" time="0.01"/>
  <testcase classname="Scenario: Sign in and sign out" name="And I sign in" time="0"/>
  <testcase classname="Scenario: Sign in and sign out" name="Then I sign out" time="0"/>
  <testcase classname="Scenario: Sign in and sign out" name="Scenario: Sign in and sign out" time="0.001"/>
  <testcase classname="Scenario: Contact Us Action" name="When I open automationpractice website" time="0"/>
  <testcase classname="Scenario: Contact Us Action" name="Then I perform contact us actions" time="0"/>
  <testcase classname="Scenario: Contact Us Action" name="Scenario: Contact Us Action" time="0.003"/>
  <testcase classname="Scenario: Social Link Action" name="When I open automationpractice website" time="0"/>
  <testcase classname="Scenario: Social Link Action" name="Then I perform Social link actions" time="0"/>
  <testcase classname="Scenario: Social Link Action" name="Scenario: Social Link Action" time="0.001"/>
</testsuite>